[32m11:34:23.816 [main] INFO  c.s.a.AdminApplication - [logStartupProfileInfo,655][0;39m : The following profiles are active: local
[32m11:34:34.863 [main] INFO  o.a.c.c.StandardService - [log,173][0;39m : Starting service [Tomcat]
[32m11:34:34.863 [main] INFO  o.a.c.c.StandardEngine - [log,173][0;39m : Starting Servlet engine: [Apache Tomcat/9.0.31]
[32m11:34:35.276 [main] INFO  o.a.c.c.C.[.[.[/admin-api] - [log,173][0;39m : Initializing Spring embedded WebApplicationContext
[32m11:34:35.731 [main] INFO  c.a.d.s.b.a.DruidDataSourceAutoConfigure - [dataSource,55][0;39m : Init DruidDataSource
[32m11:34:36.449 [main] INFO  c.a.d.p.DruidDataSource - [init,990][0;39m : {dataSource-1} inited
[32m11:34:42.246 [main] INFO  c.n.c.s.URLConfigurationSource - [<init>,122][0;39m : To enable URLs as dynamic configuration sources, define System property archaius.configurationSource.additionalUrls or make config.properties available on classpath.
[32m11:34:42.310 [main] INFO  c.n.c.s.URLConfigurationSource - [<init>,122][0;39m : To enable URLs as dynamic configuration sources, define System property archaius.configurationSource.additionalUrls or make config.properties available on classpath.
[32m11:34:45.556 [main] INFO  c.s.a.AdminApplication - [logStarted,61][0;39m : Started AdminApplication in 24.022 seconds (JVM running for 30.436)
[32m11:34:46.089 [RMI TCP Connection(3)-192.168.1.2] INFO  o.a.c.c.C.[.[.[/admin-api] - [log,173][0;39m : Initializing Spring DispatcherServlet 'dispatcherServlet'
[32m11:34:50.466 [boundedElastic-1] INFO  i.l.c.EpollProvider - [<clinit>,68][0;39m : Starting without optional epoll library
[32m11:34:50.468 [boundedElastic-1] INFO  i.l.c.KqueueProvider - [<clinit>,70][0;39m : Starting without optional kqueue library
[32m14:43:26.421 [main] INFO  c.s.a.AdminApplication - [logStartupProfileInfo,655][0;39m : The following profiles are active: local
[32m14:43:37.595 [main] INFO  o.a.c.c.StandardService - [log,173][0;39m : Starting service [Tomcat]
[32m14:43:37.595 [main] INFO  o.a.c.c.StandardEngine - [log,173][0;39m : Starting Servlet engine: [Apache Tomcat/9.0.31]
[32m14:43:37.961 [main] INFO  o.a.c.c.C.[.[.[/admin-api] - [log,173][0;39m : Initializing Spring embedded WebApplicationContext
[32m14:43:38.641 [main] INFO  c.a.d.s.b.a.DruidDataSourceAutoConfigure - [dataSource,55][0;39m : Init DruidDataSource
[32m14:43:39.562 [main] INFO  c.a.d.p.DruidDataSource - [init,990][0;39m : {dataSource-1} inited
[32m14:43:42.538 [main] INFO  c.n.c.s.URLConfigurationSource - [<init>,122][0;39m : To enable URLs as dynamic configuration sources, define System property archaius.configurationSource.additionalUrls or make config.properties available on classpath.
[32m14:43:42.571 [main] INFO  c.n.c.s.URLConfigurationSource - [<init>,122][0;39m : To enable URLs as dynamic configuration sources, define System property archaius.configurationSource.additionalUrls or make config.properties available on classpath.
[32m14:43:43.861 [main] INFO  c.s.a.AdminApplication - [logStarted,61][0;39m : Started AdminApplication in 22.894 seconds (JVM running for 39.547)
[32m14:43:44.246 [RMI TCP Connection(1)-192.168.1.2] INFO  o.a.c.c.C.[.[.[/admin-api] - [log,173][0;39m : Initializing Spring DispatcherServlet 'dispatcherServlet'
[32m14:43:47.804 [boundedElastic-1] INFO  i.l.c.EpollProvider - [<clinit>,68][0;39m : Starting without optional epoll library
[32m14:43:47.805 [boundedElastic-1] INFO  i.l.c.KqueueProvider - [<clinit>,70][0;39m : Starting without optional kqueue library
[32m16:00:19.696 [lettuce-eventExecutorLoop-1-3] INFO  i.l.c.p.ConnectionWatchdog - [log,171][0;39m : Reconnecting, last destination was /149.28.92.224:6379
[32m16:00:19.875 [lettuce-nioEventLoop-4-3] INFO  i.l.c.p.ReconnectionHandler - [lambda$null$4,188][0;39m : Reconnected to 149.28.92.224:6379
