[32m15:22:17.802 [main] INFO  c.s.a.AdminApplication - [logStartupProfileInfo,655][0;39m : The following profiles are active: local
[32m15:22:20.062 [main] INFO  o.a.c.c.StandardService - [log,173][0;39m : Starting service [Tomcat]
[32m15:22:20.063 [main] INFO  o.a.c.c.StandardEngine - [log,173][0;39m : Starting Servlet engine: [Apache Tomcat/9.0.31]
[32m15:22:20.181 [main] INFO  o.a.c.c.C.[.[.[/admin-api] - [log,173][0;39m : Initializing Spring embedded WebApplicationContext
[32m15:22:20.339 [main] INFO  c.a.d.s.b.a.DruidDataSourceAutoConfigure - [dataSource,55][0;39m : Init DruidDataSource
[32m15:22:20.514 [main] INFO  c.a.d.p.DruidDataSource - [init,990][0;39m : {dataSource-1} inited
[32m15:22:21.833 [main] INFO  c.n.c.s.URLConfigurationSource - [<init>,122][0;39m : To enable URLs as dynamic configuration sources, define System property archaius.configurationSource.additionalUrls or make config.properties available on classpath.
[32m15:22:21.837 [main] INFO  c.n.c.s.URLConfigurationSource - [<init>,122][0;39m : To enable URLs as dynamic configuration sources, define System property archaius.configurationSource.additionalUrls or make config.properties available on classpath.
[32m15:22:22.860 [main] INFO  c.s.a.AdminApplication - [logStarted,61][0;39m : Started AdminApplication in 6.215 seconds (JVM running for 8.015)
[32m15:22:23.313 [RMI TCP Connection(4)-192.168.1.2] INFO  o.a.c.c.C.[.[.[/admin-api] - [log,173][0;39m : Initializing Spring DispatcherServlet 'dispatcherServlet'
[32m15:22:25.892 [boundedElastic-1] INFO  i.l.c.EpollProvider - [<clinit>,68][0;39m : Starting without optional epoll library
[32m15:22:25.894 [boundedElastic-1] INFO  i.l.c.KqueueProvider - [<clinit>,70][0;39m : Starting without optional kqueue library
[32m16:03:37.822 [main] INFO  c.s.a.AdminApplication - [logStartupProfileInfo,655][0;39m : The following profiles are active: local
[32m16:03:40.891 [main] INFO  o.a.c.c.StandardService - [log,173][0;39m : Starting service [Tomcat]
[32m16:03:40.892 [main] INFO  o.a.c.c.StandardEngine - [log,173][0;39m : Starting Servlet engine: [Apache Tomcat/9.0.31]
[32m16:03:41.087 [main] INFO  o.a.c.c.C.[.[.[/admin-api] - [log,173][0;39m : Initializing Spring embedded WebApplicationContext
[32m16:03:41.232 [main] INFO  c.a.d.s.b.a.DruidDataSourceAutoConfigure - [dataSource,55][0;39m : Init DruidDataSource
[32m16:03:41.537 [main] INFO  c.a.d.p.DruidDataSource - [init,990][0;39m : {dataSource-1} inited
[32m16:03:43.288 [main] INFO  c.n.c.s.URLConfigurationSource - [<init>,122][0;39m : To enable URLs as dynamic configuration sources, define System property archaius.configurationSource.additionalUrls or make config.properties available on classpath.
[32m16:03:43.293 [main] INFO  c.n.c.s.URLConfigurationSource - [<init>,122][0;39m : To enable URLs as dynamic configuration sources, define System property archaius.configurationSource.additionalUrls or make config.properties available on classpath.
[32m16:03:44.347 [main] INFO  c.s.a.AdminApplication - [logStarted,61][0;39m : Started AdminApplication in 7.954 seconds (JVM running for 13.802)
[32m16:03:44.724 [RMI TCP Connection(2)-192.168.1.2] INFO  o.a.c.c.C.[.[.[/admin-api] - [log,173][0;39m : Initializing Spring DispatcherServlet 'dispatcherServlet'
[32m16:03:48.320 [boundedElastic-1] INFO  i.l.c.EpollProvider - [<clinit>,68][0;39m : Starting without optional epoll library
[32m16:03:48.322 [boundedElastic-1] INFO  i.l.c.KqueueProvider - [<clinit>,70][0;39m : Starting without optional kqueue library
